{"uuid":"6e36b2d4-c8f2-430e-9e46-6b12ae729e99","name":"testPackage.NewTest.beforeMethod","children":["e7c77bf7-8bef-410a-8375-405023bf9b66"],"description":"","befores":[{"name":"beforeMethod","status":"failed","statusDetails":{"known":false,"muted":false,"flaky":false,"message":"Driver Factory Action [createNewLocalDriverInstance] failed. With the following test data [Failed to create new Browser Session].","trace":"java.lang.AssertionError: Driver Factory Action [createNewLocalDriverInstance] failed. With the following test data [Failed to create new Browser Session].\n\tat org.testng.Assert.fail(Assert.java:98)\n\tat com.shaft.driver.DriverFactoryHelper.failAction(DriverFactoryHelper.java:306)\n\tat com.shaft.driver.DriverFactoryHelper.createNewLocalDriverInstance(DriverFactoryHelper.java:602)\n\tat com.shaft.driver.DriverFactoryHelper.getDriver(DriverFactoryHelper.java:817)\n\tat com.shaft.driver.DriverFactoryHelper.getDriver(DriverFactoryHelper.java:142)\n\tat com.shaft.driver.DriverFactory.getDriver(DriverFactory.java:30)\n\tat testPackage.NewTest.beforeMethod(NewTest.java:83)\n\tat java.base/jdk.internal.reflect.NativeMethodAccessorImpl.invoke0(Native Method)\n\tat java.base/jdk.internal.reflect.NativeMethodAccessorImpl.invoke(NativeMethodAccessorImpl.java:77)\n\tat java.base/jdk.internal.reflect.DelegatingMethodAccessorImpl.invoke(DelegatingMethodAccessorImpl.java:43)\n\tat java.base/java.lang.reflect.Method.invoke(Method.java:568)\n\tat org.testng.internal.invokers.MethodInvocationHelper.invokeMethod(MethodInvocationHelper.java:135)\n\tat org.testng.internal.invokers.MethodInvocationHelper.invokeMethodConsideringTimeout(MethodInvocationHelper.java:65)\n\tat org.testng.internal.invokers.ConfigInvoker.invokeConfigurationMethod(ConfigInvoker.java:381)\n\tat org.testng.internal.invokers.ConfigInvoker.invokeConfigurations(ConfigInvoker.java:319)\n\tat org.testng.internal.invokers.TestInvoker.runConfigMethods(TestInvoker.java:803)\n\tat org.testng.internal.invokers.TestInvoker.invokeMethod(TestInvoker.java:589)\n\tat org.testng.internal.invokers.TestInvoker.invokeTestMethod(TestInvoker.java:220)\n\tat org.testng.internal.invokers.MethodRunner.runInSequence(MethodRunner.java:50)\n\tat org.testng.internal.invokers.TestInvoker$MethodInvocationAgent.invoke(TestInvoker.java:945)\n\tat org.testng.internal.invokers.TestInvoker.invokeTestMethods(TestInvoker.java:193)\n\tat org.testng.internal.invokers.TestMethodWorker.invokeTestMethods(TestMethodWorker.java:146)\n\tat org.testng.internal.invokers.TestMethodWorker.run(TestMethodWorker.java:128)\n\tat java.base/java.util.ArrayList.forEach(ArrayList.java:1511)\n\tat org.testng.TestRunner.privateRun(TestRunner.java:808)\n\tat org.testng.TestRunner.run(TestRunner.java:603)\n\tat org.testng.SuiteRunner.runTest(SuiteRunner.java:429)\n\tat org.testng.SuiteRunner.runSequentially(SuiteRunner.java:423)\n\tat org.testng.SuiteRunner.privateRun(SuiteRunner.java:383)\n\tat org.testng.SuiteRunner.run(SuiteRunner.java:326)\n\tat org.testng.SuiteRunnerWorker.runSuite(SuiteRunnerWorker.java:52)\n\tat org.testng.SuiteRunnerWorker.run(SuiteRunnerWorker.java:95)\n\tat org.testng.TestNG.runSuitesSequentially(TestNG.java:1249)\n\tat org.testng.TestNG.runSuitesLocally(TestNG.java:1169)\n\tat org.testng.TestNG.runSuites(TestNG.java:1092)\n\tat org.testng.TestNG.run(TestNG.java:1060)\n\tat com.intellij.rt.testng.IDEARemoteTestNG.run(IDEARemoteTestNG.java:66)\n\tat com.intellij.rt.testng.RemoteTestNGStarter.main(RemoteTestNGStarter.java:109)\nCaused by: org.openqa.selenium.SessionNotCreatedException: Could not start a new session. Handshake response does not match any supported protocol\nBuild info: version: '4.1.2', revision: '9a5a329c5a'\nSystem info: host: 'abdos-MacBook-Pro.local', ip: 'fe80:0:0:0:1c08:cc97:4794:3a61%en0', os.name: 'Mac OS X', os.arch: 'aarch64', os.version: '12.2', java.version: '17.0.2'\nDriver info: org.openqa.selenium.chrome.ChromeDriver\nCommand: [null, newSession {capabilities=[Capabilities {acceptInsecureCerts: true, browserName: chrome, goog:chromeOptions: {args: [--enable-automation, --no-sandbox, --disable-infobars, --disable-dev-shm-usage, --disable-browser-side-navi..., --disable-gpu, --remote-debugging-port=9222], extensions: [], prefs: {download.default_directory: /Users/abdomohamed/projects..., download.prompt_for_download: false, profile.default_content_settings.popups: 0}}, goog:loggingPrefs: org.openqa.selenium.logging..., pageLoadStrategy: normal, platformName: mac, timeouts: {pageLoad: 30000, script: 30000}, unhandledPromptBehavior: accept and notify}], desiredCapabilities=Capabilities {acceptInsecureCerts: true, acceptSslCerts: true, browserName: chrome, goog:chromeOptions: {args: [--enable-automation, --no-sandbox, --disable-infobars, --disable-dev-shm-usage, --disable-browser-side-navi..., --disable-gpu, --remote-debugging-port=9222], extensions: [], prefs: {download.default_directory: /Users/abdomohamed/projects..., download.prompt_for_download: false, profile.default_content_settings.popups: 0}}, loggingPrefs: org.openqa.selenium.logging..., pageLoadStrategy: normal, platformName: MAC, timeouts: {pageLoad: 30000, script: 30000}, unhandledPromptBehavior: accept and notify}}]\n\tat org.openqa.selenium.remote.ProtocolHandshake.lambda$createSession$2(ProtocolHandshake.java:137)\n\tat java.base/java.util.Optional.orElseGet(Optional.java:364)\n\tat org.openqa.selenium.remote.ProtocolHandshake.createSession(ProtocolHandshake.java:137)\n\tat org.openqa.selenium.remote.ProtocolHandshake.createSession(ProtocolHandshake.java:84)\n\tat org.openqa.selenium.remote.ProtocolHandshake.createSession(ProtocolHandshake.java:62)\n\tat org.openqa.selenium.remote.HttpCommandExecutor.execute(HttpCommandExecutor.java:156)\n\tat org.openqa.selenium.remote.service.DriverCommandExecutor.invokeExecute(DriverCommandExecutor.java:167)\n\tat org.openqa.selenium.remote.service.DriverCommandExecutor.execute(DriverCommandExecutor.java:142)\n\tat org.openqa.selenium.remote.RemoteWebDriver.execute(RemoteWebDriver.java:558)\n\tat org.openqa.selenium.remote.RemoteWebDriver.startSession(RemoteWebDriver.java:245)\n\tat org.openqa.selenium.remote.RemoteWebDriver.<init>(RemoteWebDriver.java:161)\n\tat org.openqa.selenium.chromium.ChromiumDriver.<init>(ChromiumDriver.java:108)\n\tat org.openqa.selenium.chrome.ChromeDriver.<init>(ChromeDriver.java:106)\n\tat org.openqa.selenium.chrome.ChromeDriver.<init>(ChromeDriver.java:93)\n\tat org.openqa.selenium.chrome.ChromeDriver.<init>(ChromeDriver.java:82)\n\tat com.shaft.driver.DriverFactoryHelper.createNewLocalDriverInstanceForChrome(DriverFactoryHelper.java:555)\n\tat com.shaft.driver.DriverFactoryHelper.createNewLocalDriverInstance(DriverFactoryHelper.java:596)\n\t... 35 more\n"},"stage":"finished","description":"","steps":[{"name":"Attempting to run locally on: [Mac-64], [GoogleChrome].","status":"passed","stage":"finished","steps":[],"attachments":[],"parameters":[{"name":"actionCounter","value":"30"},{"name":"logText","value":"Attempting to run locally on: [Mac-64], [GoogleChrome]."}],"start":1656455869371,"stop":1656455869371},{"name":"Identifying OS/Driver combination and selecting the correct driver version automatically. Please note that if a new driver executable will be downloaded it may take some time...","status":"passed","stage":"finished","steps":[],"attachments":[],"parameters":[{"name":"actionCounter","value":"31"},{"name":"logText","value":"Identifying OS/Driver combination and selecting the correct driver version automatically. Please note that if a new driver executable will be downloaded it may take some time..."}],"start":1656455869371,"stop":1656455869371},{"name":"Driver Factory Action [createNewLocalDriverInstance] failed. With the following test data [Failed to create new Browser Session].","status":"passed","stage":"finished","steps":[],"attachments":[],"parameters":[{"name":"actionCounter","value":"32"},{"name":"logText","value":"Driver Factory Action [createNewLocalDriverInstance] failed. With the following test data [Failed to create new Browser Session]."}],"start":1656455869487,"stop":1656455869487},{"name":"An Exception Occured with this Message: Could not start a new session. Handshake response does not match any supported protocol.","status":"passed","stage":"finished","steps":[],"attachments":[{"name":"Attachment: Exception Stack Trace - org.openqa.selenium.SessionNotCreatedException","source":"2d8309ae-d608-4e31-83a3-9d0287781919-attachment"}],"parameters":[{"name":"actionCounter","value":"33"},{"name":"logText","value":"An Exception Occured with this Message: Could not start a new session. Handshake response does not match any supported protocol."},{"name":"attachments","value":"[[Exception Stack Trace, org.openqa.selenium.SessionNotCreatedException, org.openqa.selenium.SessionNotCreatedException:\nCould not start a new session. Handshake response does not match any supported protocol\nBuild info: version: '4.1.2', revision: '9a5a329c5a'\nSystem info: host: 'abdos-MacBook-Pro.local', ip: 'fe80:0:0:0:1c08:cc97:4794:3a61%en0', os.name: 'Mac OS X', os.arch: 'aarch64', os.version: '12.2', java.version: '17.0.2'\nDriver info: org.openqa.selenium.chrome.ChromeDriver\nCommand: [null, newSession {capabilities=[Capabilities {acceptInsecureCerts: true, browserName: chrome, goog:chromeOptions: {args: [--enable-automation, --no-sandbox, --disable-infobars, --disable-dev-shm-usage, --disable-browser-side-navi..., --disable-gpu, --remote-debugging-port=9222], extensions: [], prefs: {download.default_directory: /Users/abdomohamed/projects..., download.prompt_for_download: false, profile.default_content_settings.popups: 0}}, goog:loggingPrefs: org.openqa.selenium.logging..., pageLoadStrategy: normal, platformName: mac, timeouts: {pageLoad: 30000, script: 30000}, unhandledPromptBehavior: accept and notify}], desiredCapabilities=Capabilities {acceptInsecureCerts: true, acceptSslCerts: true, browserName: chrome, goog:chromeOptions: {args: [--enable-automation, --no-sandbox, --disable-infobars, --disable-dev-shm-usage, --disable-browser-side-navi..., --disable-gpu, --remote-debugging-port=9222], extensions: [], prefs: {download.default_directory: /Users/abdomohamed/projects..., download.prompt_for_download: false, profile.default_content_settings.popups: 0}}, loggingPrefs: org.openqa.selenium.logging..., pageLoadStrategy: normal, platformName: MAC, timeouts: {pageLoad: 30000, script: 30000}, unhandledPromptBehavior: accept and notify}}]\norg.openqa.selenium.remote.ProtocolHandshake.lambda$createSession$2(ProtocolHandshake.java:137)\njava.base/java.util.Optional.orElseGet(Optional.java:364)\norg.openqa.selenium.remote.ProtocolHandshake.createSession(ProtocolHandshake.java:137)\norg.openqa.selenium.remote.ProtocolHandshake.createSession(ProtocolHandshake.java:84)\norg.openqa.selenium.remote.ProtocolHandshake.createSession(ProtocolHandshake.java:62)\norg.openqa.selenium.remote.HttpCommandExecutor.execute(HttpCommandExecutor.java:156)\norg.openqa.selenium.remote.service.DriverCommandExecutor.invokeExecute(DriverCommandExecutor.java:167)\norg.openqa.selenium.remote.service.DriverCommandExecutor.execute(DriverCommandExecutor.java:142)\norg.openqa.selenium.remote.RemoteWebDriver.execute(RemoteWebDriver.java:558)\norg.openqa.selenium.remote.RemoteWebDriver.startSession(RemoteWebDriver.java:245)\norg.openqa.selenium.remote.RemoteWebDriver.<init>(RemoteWebDriver.java:161)\norg.openqa.selenium.chromium.ChromiumDriver.<init>(ChromiumDriver.java:108)\norg.openqa.selenium.chrome.ChromeDriver.<init>(ChromeDriver.java:106)\norg.openqa.selenium.chrome.ChromeDriver.<init>(ChromeDriver.java:93)\norg.openqa.selenium.chrome.ChromeDriver.<init>(ChromeDriver.java:82)\ncom.shaft.driver.DriverFactoryHelper.createNewLocalDriverInstanceForChrome(DriverFactoryHelper.java:555)\ncom.shaft.driver.DriverFactoryHelper.createNewLocalDriverInstance(DriverFactoryHelper.java:596)\ncom.shaft.driver.DriverFactoryHelper.getDriver(DriverFactoryHelper.java:817)\ncom.shaft.driver.DriverFactoryHelper.getDriver(DriverFactoryHelper.java:142)\ncom.shaft.driver.DriverFactory.getDriver(DriverFactory.java:30)\ntestPackage.NewTest.beforeMethod(NewTest.java:83)\njava.base/jdk.internal.reflect.NativeMethodAccessorImpl.invoke0(Native Method)\njava.base/jdk.internal.reflect.NativeMethodAccessorImpl.invoke(NativeMethodAccessorImpl.java:77)\njava.base/jdk.internal.reflect.DelegatingMethodAccessorImpl.invoke(DelegatingMethodAccessorImpl.java:43)\njava.base/java.lang.reflect.Method.invoke(Method.java:568)\norg.testng.internal.invokers.MethodInvocationHelper.invokeMethod(MethodInvocationHelper.java:135)\norg.testng.internal.invokers.MethodInvocationHelper.invokeMethodConsideringTimeout(MethodInvocationHelper.java:65)\norg.testng.internal.invokers.ConfigInvoker.invokeConfigurationMethod(ConfigInvoker.java:381)\norg.testng.internal.invokers.ConfigInvoker.invokeConfigurations(ConfigInvoker.java:319)\norg.testng.internal.invokers.TestInvoker.runConfigMethods(TestInvoker.java:803)\norg.testng.internal.invokers.TestInvoker.invokeMethod(TestInvoker.java:589)\norg.testng.internal.invokers.TestInvoker.invokeTestMethod(TestInvoker.java:220)\norg.testng.internal.invokers.MethodRunner.runInSequence(MethodRunner.java:50)\norg.testng.internal.invokers.TestInvoker$MethodInvocationAgent.invoke(TestInvoker.java:945)\norg.testng.internal.invokers.TestInvoker.invokeTestMethods(TestInvoker.java:193)\norg.testng.internal.invokers.TestMethodWorker.invokeTestMethods(TestMethodWorker.java:146)\norg.testng.internal.invokers.TestMethodWorker.run(TestMethodWorker.java:128)\njava.base/java.util.ArrayList.forEach(ArrayList.java:1511)\norg.testng.TestRunner.privateRun(TestRunner.java:808)\norg.testng.TestRunner.run(TestRunner.java:603)\norg.testng.SuiteRunner.runTest(SuiteRunner.java:429)\norg.testng.SuiteRunner.runSequentially(SuiteRunner.java:423)\norg.testng.SuiteRunner.privateRun(SuiteRunner.java:383)\norg.testng.SuiteRunner.run(SuiteRunner.java:326)\norg.testng.SuiteRunnerWorker.runSuite(SuiteRunnerWorker.java:52)\norg.testng.SuiteRunnerWorker.run(SuiteRunnerWorker.java:95)\norg.testng.TestNG.runSuitesSequentially(TestNG.java:1249)\norg.testng.TestNG.runSuitesLocally(TestNG.java:1169)\norg.testng.TestNG.runSuites(TestNG.java:1092)\norg.testng.TestNG.run(TestNG.java:1060)\ncom.intellij.rt.testng.IDEARemoteTestNG.run(IDEARemoteTestNG.java:66)\ncom.intellij.rt.testng.RemoteTestNGStarter.main(RemoteTestNGStarter.java:109)\n]]"}],"start":1656455869487,"stop":1656455869488}],"attachments":[],"parameters":[],"start":1656455869371,"stop":1656455869488}],"afters":[],"start":1656455869371,"stop":1656455869488}