{"uuid":"e7c77bf7-8bef-410a-8375-405023bf9b66","historyId":"ca0d18478acc1f8294ad944fcdc38b2b","fullName":"testPackage.NewTest.navigateToFirstUrl","labels":[{"name":"package","value":"testPackage.NewTest"},{"name":"testClass","value":"testPackage.NewTest"},{"name":"testMethod","value":"navigateToFirstUrl"},{"name":"parentSuite","value":"Custom Suite"},{"name":"suite","value":"test_project"},{"name":"subSuite","value":"testPackage.NewTest"},{"name":"host","value":"abdos-MacBook-Pro.local"},{"name":"thread","value":"6743@abdos-MacBook-Pro.local.main(1)"},{"name":"framework","value":"testng"},{"name":"language","value":"java"}],"links":[],"name":"navigateToFirstUrl","status":"skipped","statusDetails":{"known":false,"muted":false,"flaky":false,"message":"Driver Factory Action [createNewLocalDriverInstance] failed. With the following test data [Failed to create new Browser Session].","trace":"java.lang.AssertionError: Driver Factory Action [createNewLocalDriverInstance] failed. With the following test data [Failed to create new Browser Session].\n\tat org.testng.Assert.fail(Assert.java:98)\n\tat com.shaft.driver.DriverFactoryHelper.failAction(DriverFactoryHelper.java:306)\n\tat com.shaft.driver.DriverFactoryHelper.createNewLocalDriverInstance(DriverFactoryHelper.java:602)\n\tat com.shaft.driver.DriverFactoryHelper.getDriver(DriverFactoryHelper.java:817)\n\tat com.shaft.driver.DriverFactoryHelper.getDriver(DriverFactoryHelper.java:142)\n\tat com.shaft.driver.DriverFactory.getDriver(DriverFactory.java:30)\n\tat testPackage.NewTest.beforeMethod(NewTest.java:83)\n\tat java.base/jdk.internal.reflect.NativeMethodAccessorImpl.invoke0(Native Method)\n\tat java.base/jdk.internal.reflect.NativeMethodAccessorImpl.invoke(NativeMethodAccessorImpl.java:77)\n\tat java.base/jdk.internal.reflect.DelegatingMethodAccessorImpl.invoke(DelegatingMethodAccessorImpl.java:43)\n\tat java.base/java.lang.reflect.Method.invoke(Method.java:568)\n\tat org.testng.internal.invokers.MethodInvocationHelper.invokeMethod(MethodInvocationHelper.java:135)\n\tat org.testng.internal.invokers.MethodInvocationHelper.invokeMethodConsideringTimeout(MethodInvocationHelper.java:65)\n\tat org.testng.internal.invokers.ConfigInvoker.invokeConfigurationMethod(ConfigInvoker.java:381)\n\tat org.testng.internal.invokers.ConfigInvoker.invokeConfigurations(ConfigInvoker.java:319)\n\tat org.testng.internal.invokers.TestInvoker.runConfigMethods(TestInvoker.java:803)\n\tat org.testng.internal.invokers.TestInvoker.invokeMethod(TestInvoker.java:589)\n\tat org.testng.internal.invokers.TestInvoker.invokeTestMethod(TestInvoker.java:220)\n\tat org.testng.internal.invokers.MethodRunner.runInSequence(MethodRunner.java:50)\n\tat org.testng.internal.invokers.TestInvoker$MethodInvocationAgent.invoke(TestInvoker.java:945)\n\tat org.testng.internal.invokers.TestInvoker.invokeTestMethods(TestInvoker.java:193)\n\tat org.testng.internal.invokers.TestMethodWorker.invokeTestMethods(TestMethodWorker.java:146)\n\tat org.testng.internal.invokers.TestMethodWorker.run(TestMethodWorker.java:128)\n\tat java.base/java.util.ArrayList.forEach(ArrayList.java:1511)\n\tat org.testng.TestRunner.privateRun(TestRunner.java:808)\n\tat org.testng.TestRunner.run(TestRunner.java:603)\n\tat org.testng.SuiteRunner.runTest(SuiteRunner.java:429)\n\tat org.testng.SuiteRunner.runSequentially(SuiteRunner.java:423)\n\tat org.testng.SuiteRunner.privateRun(SuiteRunner.java:383)\n\tat org.testng.SuiteRunner.run(SuiteRunner.java:326)\n\tat org.testng.SuiteRunnerWorker.runSuite(SuiteRunnerWorker.java:52)\n\tat org.testng.SuiteRunnerWorker.run(SuiteRunnerWorker.java:95)\n\tat org.testng.TestNG.runSuitesSequentially(TestNG.java:1249)\n\tat org.testng.TestNG.runSuitesLocally(TestNG.java:1169)\n\tat org.testng.TestNG.runSuites(TestNG.java:1092)\n\tat org.testng.TestNG.run(TestNG.java:1060)\n\tat com.intellij.rt.testng.IDEARemoteTestNG.run(IDEARemoteTestNG.java:66)\n\tat com.intellij.rt.testng.RemoteTestNGStarter.main(RemoteTestNGStarter.java:109)\nCaused by: org.openqa.selenium.SessionNotCreatedException: Could not start a new session. Handshake response does not match any supported protocol\nBuild info: version: '4.1.2', revision: '9a5a329c5a'\nSystem info: host: 'abdos-MacBook-Pro.local', ip: 'fe80:0:0:0:1c08:cc97:4794:3a61%en0', os.name: 'Mac OS X', os.arch: 'aarch64', os.version: '12.2', java.version: '17.0.2'\nDriver info: org.openqa.selenium.chrome.ChromeDriver\nCommand: [null, newSession {capabilities=[Capabilities {acceptInsecureCerts: true, browserName: chrome, goog:chromeOptions: {args: [--enable-automation, --no-sandbox, --disable-infobars, --disable-dev-shm-usage, --disable-browser-side-navi..., --disable-gpu, --remote-debugging-port=9222], extensions: [], prefs: {download.default_directory: /Users/abdomohamed/projects..., download.prompt_for_download: false, profile.default_content_settings.popups: 0}}, goog:loggingPrefs: org.openqa.selenium.logging..., pageLoadStrategy: normal, platformName: mac, timeouts: {pageLoad: 30000, script: 30000}, unhandledPromptBehavior: accept and notify}], desiredCapabilities=Capabilities {acceptInsecureCerts: true, acceptSslCerts: true, browserName: chrome, goog:chromeOptions: {args: [--enable-automation, --no-sandbox, --disable-infobars, --disable-dev-shm-usage, --disable-browser-side-navi..., --disable-gpu, --remote-debugging-port=9222], extensions: [], prefs: {download.default_directory: /Users/abdomohamed/projects..., download.prompt_for_download: false, profile.default_content_settings.popups: 0}}, loggingPrefs: org.openqa.selenium.logging..., pageLoadStrategy: normal, platformName: MAC, timeouts: {pageLoad: 30000, script: 30000}, unhandledPromptBehavior: accept and notify}}]\n\tat org.openqa.selenium.remote.ProtocolHandshake.lambda$createSession$2(ProtocolHandshake.java:137)\n\tat java.base/java.util.Optional.orElseGet(Optional.java:364)\n\tat org.openqa.selenium.remote.ProtocolHandshake.createSession(ProtocolHandshake.java:137)\n\tat org.openqa.selenium.remote.ProtocolHandshake.createSession(ProtocolHandshake.java:84)\n\tat org.openqa.selenium.remote.ProtocolHandshake.createSession(ProtocolHandshake.java:62)\n\tat org.openqa.selenium.remote.HttpCommandExecutor.execute(HttpCommandExecutor.java:156)\n\tat org.openqa.selenium.remote.service.DriverCommandExecutor.invokeExecute(DriverCommandExecutor.java:167)\n\tat org.openqa.selenium.remote.service.DriverCommandExecutor.execute(DriverCommandExecutor.java:142)\n\tat org.openqa.selenium.remote.RemoteWebDriver.execute(RemoteWebDriver.java:558)\n\tat org.openqa.selenium.remote.RemoteWebDriver.startSession(RemoteWebDriver.java:245)\n\tat org.openqa.selenium.remote.RemoteWebDriver.<init>(RemoteWebDriver.java:161)\n\tat org.openqa.selenium.chromium.ChromiumDriver.<init>(ChromiumDriver.java:108)\n\tat org.openqa.selenium.chrome.ChromeDriver.<init>(ChromeDriver.java:106)\n\tat org.openqa.selenium.chrome.ChromeDriver.<init>(ChromeDriver.java:93)\n\tat org.openqa.selenium.chrome.ChromeDriver.<init>(ChromeDriver.java:82)\n\tat com.shaft.driver.DriverFactoryHelper.createNewLocalDriverInstanceForChrome(DriverFactoryHelper.java:555)\n\tat com.shaft.driver.DriverFactoryHelper.createNewLocalDriverInstance(DriverFactoryHelper.java:596)\n\t... 35 more\n"},"stage":"finished","steps":[],"attachments":[{"name":"Attachment: SHAFT Engine Logs - Current Method log: navigateToFirstUrl","source":"bf3049f2-abe9-496d-a1eb-fdd2ae0e1166-attachment.txt","type":"text/plain"}],"parameters":[],"start":1656455869496,"stop":1656455869498}